#
# There is insufficient memory for the Java Runtime Environment to continue.
# Native memory allocation (malloc) failed to allocate 1111536 bytes for Chunk::new
# Possible reasons:
#   The system is out of physical RAM or swap space
#   In 32 bit mode, the process size limit was hit
# Possible solutions:
#   Reduce memory load on the system
#   Increase physical memory or swap space
#   Check if swap backing store is full
#   Use 64 bit Java on a 64 bit OS
#   Decrease Java heap size (-Xmx/-Xms)
#   Decrease number of Java threads
#   Decrease Java thread stack sizes (-Xss)
#   Set larger code cache with -XX:ReservedCodeCacheSize=
# This output file may be truncated or incomplete.
#
#  Out of Memory Error (allocation.cpp:390), pid=13148, tid=13752
#
# JRE version: Java(TM) SE Runtime Environment (8.0_25-b18) (build 1.8.0_25-b18)
# Java VM: Java HotSpot(TM) 64-Bit Server VM (25.25-b02 mixed mode windows-amd64 compressed oops)
# Failed to write core dump. Minidumps are not enabled by default on client versions of Windows
#

---------------  T H R E A D  ---------------

Current thread (0x00000000150f5000):  JavaThread "C2 CompilerThread1" daemon [_thread_in_native, id=13752, stack(0x0000000016850000,0x0000000016950000)]

Stack: [0x0000000016850000,0x0000000016950000]
Native frames: (J=compiled Java code, j=interpreted, Vv=VM code, C=native code)
V  [jvm.dll+0x31667a]
V  [jvm.dll+0x267073]
V  [jvm.dll+0x267cb3]
V  [jvm.dll+0x25f5b5]
V  [jvm.dll+0xbf165]
V  [jvm.dll+0xbf60c]
V  [jvm.dll+0x478fbc]
V  [jvm.dll+0x4463eb]
V  [jvm.dll+0x45130e]
V  [jvm.dll+0x4538f8]
V  [jvm.dll+0x437372]
V  [jvm.dll+0x98a02]
V  [jvm.dll+0x991f3]
V  [jvm.dll+0x22bde4]
V  [jvm.dll+0x2852fa]
C  [msvcr100.dll+0x21d9f]
C  [msvcr100.dll+0x21e3b]
C  [KERNEL32.DLL+0x12774]
C  [ntdll.dll+0x70d51]


Current CompileTask:
C2:  10389 2086       4       org.eclipse.sisu.plexus.RealmFilteredBeans$FilteredItr::hasNext (81 bytes)


---------------  P R O C E S S  ---------------

Java Threads: ( => current thread )
  0x0000000016a80800 JavaThread "Service Thread" daemon [_thread_blocked, id=17568, stack(0x0000000016e50000,0x0000000016f50000)]
  0x000000001512b800 JavaThread "C1 CompilerThread2" daemon [_thread_blocked, id=6256, stack(0x0000000016950000,0x0000000016a50000)]
=>0x00000000150f5000 JavaThread "C2 CompilerThread1" daemon [_thread_in_native, id=13752, stack(0x0000000016850000,0x0000000016950000)]
  0x00000000150ee000 JavaThread "C2 CompilerThread0" daemon [_thread_in_native, id=11380, stack(0x0000000016750000,0x0000000016850000)]
  0x00000000150ec800 JavaThread "Attach Listener" daemon [_thread_blocked, id=11632, stack(0x0000000016650000,0x0000000016750000)]
  0x00000000150eb800 JavaThread "Signal Dispatcher" daemon [_thread_blocked, id=12280, stack(0x0000000016550000,0x0000000016650000)]
  0x0000000002b05000 JavaThread "Finalizer" daemon [_thread_blocked, id=12824, stack(0x0000000016350000,0x0000000016450000)]
  0x00000000150b8000 JavaThread "Reference Handler" daemon [_thread_blocked, id=12528, stack(0x0000000016250000,0x0000000016350000)]
  0x00000000010de000 JavaThread "main" [_thread_in_native, id=12232, stack(0x00000000028a0000,0x00000000029a0000)]

Other Threads:
  0x00000000150b6000 VMThread [stack: 0x0000000016150000,0x0000000016250000] [id=6332]
  0x0000000016a81800 WatcherThread [stack: 0x0000000016f50000,0x0000000017050000] [id=8720]

VM state:not at safepoint (normal execution)

VM Mutex/Monitor currently owned by a thread: None

Heap:
 PSYoungGen      total 37888K, used 32915K [0x00000000eb380000, 0x00000000f0100000, 0x0000000100000000)
  eden space 31744K, 85% used [0x00000000eb380000,0x00000000ece18ec0,0x00000000ed280000)
  from space 6144K, 92% used [0x00000000efb00000,0x00000000f008c010,0x00000000f0100000)
  to   space 7680K, 0% used [0x00000000ef200000,0x00000000ef200000,0x00000000ef980000)
 ParOldGen       total 44032K, used 8849K [0x00000000c1a00000, 0x00000000c4500000, 0x00000000eb380000)
  object space 44032K, 20% used [0x00000000c1a00000,0x00000000c22a44b8,0x00000000c4500000)
 Metaspace       used 15429K, capacity 15748K, committed 16128K, reserved 1062912K
  class space    used 1855K, capacity 1949K, committed 2048K, reserved 1048576K

Card table byte_map: [0x0000000011ed0000,0x00000000120d0000] byte_map_base: 0x00000000118c3000

Marking Bits: (ParMarkBitMap*) 0x00000000696ed490
 Begin Bits: [0x0000000012620000, 0x00000000135b8000)
 End Bits:   [0x00000000135b8000, 0x0000000014550000)

Polling page: 0x0000000001000000

CodeCache: size=245760Kb used=7867Kb max_used=7867Kb free=237892Kb
 bounds [0x0000000002b10000, 0x00000000032d0000, 0x0000000011b10000]
 total_blobs=2957 nmethods=2625 adapters=246
 compilation: enabled

Compilation events (10 events):
Event: 7.741 Thread 0x000000001512b800 nmethod 2303 0x000000000321ff90 code [0x00000000032200e0, 0x00000000032201f0]
Event: 7.741 Thread 0x000000001512b800 2306       3       java.lang.Integer::equals (29 bytes)
Event: 7.742 Thread 0x000000001512b800 nmethod 2306 0x0000000003220250 code [0x00000000032203c0, 0x0000000003220830]
Event: 7.742 Thread 0x000000001512b800 2304       3       org.eclipse.aether.util.graph.transformer.ConflictResolver$State::loser (29 bytes)
Event: 7.743 Thread 0x000000001512b800 nmethod 2304 0x0000000003220910 code [0x0000000003220a80, 0x0000000003220e48]
Event: 7.743 Thread 0x000000001512b800 2307       3       org.eclipse.aether.util.graph.transformer.ConflictResolver$State::push (447 bytes)
Event: 7.756 Thread 0x000000001512b800 nmethod 2307 0x0000000003220f50 code [0x00000000032213c0, 0x0000000003223d18]
Event: 7.756 Thread 0x000000001512b800 2308       1       org.eclipse.aether.util.graph.transformer.ConflictResolver$ConflictItem::getDepth (5 bytes)
Event: 7.757 Thread 0x000000001512b800 nmethod 2308 0x0000000003225190 code [0x00000000032252e0, 0x00000000032253f0]
Event: 7.757 Thread 0x000000001512b800 2295       3       java.util.Collections$1::next (25 bytes)

GC Heap History (10 events):
Event: 1.503 GC heap before
{Heap before GC invocations=1 (full 0):
 PSYoungGen      total 18944K, used 16384K [0x00000000eb380000, 0x00000000ec880000, 0x0000000100000000)
  eden space 16384K, 100% used [0x00000000eb380000,0x00000000ec380000,0x00000000ec380000)
  from space 2560K, 0% used [0x00000000ec600000,0x00000000ec600000,0x00000000ec880000)
  to   space 2560K, 0% used [0x00000000ec380000,0x00000000ec380000,0x00000000ec600000)
 ParOldGen       total 44032K, used 0K [0x00000000c1a00000, 0x00000000c4500000, 0x00000000eb380000)
  object space 44032K, 0% used [0x00000000c1a00000,0x00000000c1a00000,0x00000000c4500000)
 Metaspace       used 6437K, capacity 6614K, committed 6784K, reserved 1056768K
  class space    used 755K, capacity 826K, committed 896K, reserved 1048576K
Event: 1.511 GC heap after
Heap after GC invocations=1 (full 0):
 PSYoungGen      total 18944K, used 2541K [0x00000000eb380000, 0x00000000ec880000, 0x0000000100000000)
  eden space 16384K, 0% used [0x00000000eb380000,0x00000000eb380000,0x00000000ec380000)
  from space 2560K, 99% used [0x00000000ec380000,0x00000000ec5fb410,0x00000000ec600000)
  to   space 2560K, 0% used [0x00000000ec600000,0x00000000ec600000,0x00000000ec880000)
 ParOldGen       total 44032K, used 536K [0x00000000c1a00000, 0x00000000c4500000, 0x00000000eb380000)
  object space 44032K, 1% used [0x00000000c1a00000,0x00000000c1a86088,0x00000000c4500000)
 Metaspace       used 6437K, capacity 6614K, committed 6784K, reserved 1056768K
  class space    used 755K, capacity 826K, committed 896K, reserved 1048576K
}
Event: 2.115 GC heap before
{Heap before GC invocations=2 (full 0):
 PSYoungGen      total 18944K, used 18925K [0x00000000eb380000, 0x00000000ec880000, 0x0000000100000000)
  eden space 16384K, 100% used [0x00000000eb380000,0x00000000ec380000,0x00000000ec380000)
  from space 2560K, 99% used [0x00000000ec380000,0x00000000ec5fb410,0x00000000ec600000)
  to   space 2560K, 0% used [0x00000000ec600000,0x00000000ec600000,0x00000000ec880000)
 ParOldGen       total 44032K, used 536K [0x00000000c1a00000, 0x00000000c4500000, 0x00000000eb380000)
  object space 44032K, 1% used [0x00000000c1a00000,0x00000000c1a86088,0x00000000c4500000)
 Metaspace       used 7626K, capacity 7782K, committed 7936K, reserved 1056768K
  class space    used 953K, capacity 1018K, committed 1024K, reserved 1048576K
Event: 2.125 GC heap after
Heap after GC invocations=2 (full 0):
 PSYoungGen      total 18944K, used 2540K [0x00000000eb380000, 0x00000000ed880000, 0x0000000100000000)
  eden space 16384K, 0% used [0x00000000eb380000,0x00000000eb380000,0x00000000ec380000)
  from space 2560K, 99% used [0x00000000ec600000,0x00000000ec87b1d0,0x00000000ec880000)
  to   space 2560K, 0% used [0x00000000ec380000,0x00000000ec380000,0x00000000ec600000)
 ParOldGen       total 44032K, used 615K [0x00000000c1a00000, 0x00000000c4500000, 0x00000000eb380000)
  object space 44032K, 1% used [0x00000000c1a00000,0x00000000c1a99fd0,0x00000000c4500000)
 Metaspace       used 7626K, capacity 7782K, committed 7936K, reserved 1056768K
  class space    used 953K, capacity 1018K, committed 1024K, reserved 1048576K
}
Event: 2.837 GC heap before
{Heap before GC invocations=3 (full 0):
 PSYoungGen      total 18944K, used 18924K [0x00000000eb380000, 0x00000000ed880000, 0x0000000100000000)
  eden space 16384K, 100% used [0x00000000eb380000,0x00000000ec380000,0x00000000ec380000)
  from space 2560K, 99% used [0x00000000ec600000,0x00000000ec87b1d0,0x00000000ec880000)
  to   space 2560K, 0% used [0x00000000ec380000,0x00000000ec380000,0x00000000ec600000)
 ParOldGen       total 44032K, used 615K [0x00000000c1a00000, 0x00000000c4500000, 0x00000000eb380000)
  object space 44032K, 1% used [0x00000000c1a00000,0x00000000c1a99fd0,0x00000000c4500000)
 Metaspace       used 9423K, capacity 9604K, committed 9728K, reserved 1058816K
  class space    used 1147K, capacity 1216K, committed 1280K, reserved 1048576K
Event: 2.847 GC heap after
Heap after GC invocations=3 (full 0):
 PSYoungGen      total 18944K, used 2547K [0x00000000eb380000, 0x00000000ed880000, 0x0000000100000000)
  eden space 16384K, 0% used [0x00000000eb380000,0x00000000eb380000,0x00000000ec380000)
  from space 2560K, 99% used [0x00000000ec380000,0x00000000ec5fcc70,0x00000000ec600000)
  to   space 2560K, 0% used [0x00000000ed600000,0x00000000ed600000,0x00000000ed880000)
 ParOldGen       total 44032K, used 2197K [0x00000000c1a00000, 0x00000000c4500000, 0x00000000eb380000)
  object space 44032K, 4% used [0x00000000c1a00000,0x00000000c1c25620,0x00000000c4500000)
 Metaspace       used 9423K, capacity 9604K, committed 9728K, reserved 1058816K
  class space    used 1147K, capacity 1216K, committed 1280K, reserved 1048576K
}
Event: 3.746 GC heap before
{Heap before GC invocations=4 (full 0):
 PSYoungGen      total 18944K, used 18931K [0x00000000eb380000, 0x00000000ed880000, 0x0000000100000000)
  eden space 16384K, 100% used [0x00000000eb380000,0x00000000ec380000,0x00000000ec380000)
  from space 2560K, 99% used [0x00000000ec380000,0x00000000ec5fcc70,0x00000000ec600000)
  to   space 2560K, 0% used [0x00000000ed600000,0x00000000ed600000,0x00000000ed880000)
 ParOldGen       total 44032K, used 2197K [0x00000000c1a00000, 0x00000000c4500000, 0x00000000eb380000)
  object space 44032K, 4% used [0x00000000c1a00000,0x00000000c1c25620,0x00000000c4500000)
 Metaspace       used 11370K, capacity 11512K, committed 11776K, reserved 1058816K
  class space    used 1425K, capacity 1511K, committed 1536K, reserved 1048576K
Event: 3.756 GC heap after
Heap after GC invocations=4 (full 0):
 PSYoungGen      total 35328K, used 2528K [0x00000000eb380000, 0x00000000ed880000, 0x0000000100000000)
  eden space 32768K, 0% used [0x00000000eb380000,0x00000000eb380000,0x00000000ed380000)
  from space 2560K, 98% used [0x00000000ed600000,0x00000000ed878020,0x00000000ed880000)
  to   space 2560K, 0% used [0x00000000ed380000,0x00000000ed380000,0x00000000ed600000)
 ParOldGen       total 44032K, used 4288K [0x00000000c1a00000, 0x00000000c4500000, 0x00000000eb380000)
  object space 44032K, 9% used [0x00000000c1a00000,0x00000000c1e30100,0x00000000c4500000)
 Metaspace       used 11370K, capacity 11512K, committed 11776K, reserved 1058816K
  class space    used 1425K, capacity 1511K, committed 1536K, reserved 1048576K
}
Event: 5.881 GC heap before
{Heap before GC invocations=5 (full 0):
 PSYoungGen      total 35328K, used 35296K [0x00000000eb380000, 0x00000000ed880000, 0x0000000100000000)
  eden space 32768K, 100% used [0x00000000eb380000,0x00000000ed380000,0x00000000ed380000)
  from space 2560K, 98% used [0x00000000ed600000,0x00000000ed878020,0x00000000ed880000)
  to   space 2560K, 0% used [0x00000000ed380000,0x00000000ed380000,0x00000000ed600000)
 ParOldGen       total 44032K, used 4288K [0x00000000c1a00000, 0x00000000c4500000, 0x00000000eb380000)
  object space 44032K, 9% used [0x00000000c1a00000,0x00000000c1e30100,0x00000000c4500000)
 Metaspace       used 14234K, capacity 14470K, committed 14720K, reserved 1062912K
  class space    used 1741K, capacity 1844K, committed 1920K, reserved 1048576K
Event: 5.903 GC heap after
Heap after GC invocations=5 (full 0):
 PSYoungGen      total 35328K, used 2560K [0x00000000eb380000, 0x00000000f0280000, 0x0000000100000000)
  eden space 32768K, 0% used [0x00000000eb380000,0x00000000eb380000,0x00000000ed380000)
  from space 2560K, 100% used [0x00000000ed380000,0x00000000ed600000,0x00000000ed600000)
  to   space 7680K, 0% used [0x00000000efb00000,0x00000000efb00000,0x00000000f0280000)
 ParOldGen       total 44032K, used 8841K [0x00000000c1a00000, 0x00000000c4500000, 0x00000000eb380000)
  object space 44032K, 20% used [0x00000000c1a00000,0x00000000c22a24b8,0x00000000c4500000)
 Metaspace       used 14234K, capacity 14470K, committed 14720K, reserved 1062912K
  class space    used 1741K, capacity 1844K, committed 1920K, reserved 1048576K
}

Deoptimization events (10 events):
Event: 5.402 Thread 0x00000000010de000 Uncommon trap: reason=null_check action=make_not_entrant pc=0x000000000308f220 method=org.apache.maven.model.io.xpp3.MavenXpp3Reader.checkFieldWithDuplicate(Lorg/codehaus/plexus/util/xml/pull/XmlPullParser;Ljava/lang/String;Ljava/lang/String;Ljava/util/Set”M˜îÇ@
Event: 6.445 Thread 0x00000000010de000 Uncommon trap: reason=unreached action=reinterpret pc=0x0000000002dfe630 method=java.util.HashMap.hash(Ljava/lang/Object;)I @ 1
Event: 6.445 Thread 0x00000000010de000 Uncommon trap: reason=unreached action=reinterpret pc=0x0000000002efc928 method=java.util.HashMap.hash(Ljava/lang/Object;)I @ 1
Event: 6.460 Thread 0x00000000010de000 Uncommon trap: reason=unreached action=reinterpret pc=0x0000000003082764 method=java.util.HashMap.hash(Ljava/lang/Object;)I @ 1
Event: 6.461 Thread 0x00000000010de000 Uncommon trap: reason=unreached action=reinterpret pc=0x0000000002f8b9f0 method=java.util.HashMap.hash(Ljava/lang/Object;)I @ 1
Event: 6.699 Thread 0x00000000010de000 Uncommon trap: reason=unreached action=reinterpret pc=0x0000000002d856d8 method=java.util.HashMap.getNode(ILjava/lang/Object;)Ljava/util/HashMap$Node; @ 53
Event: 6.934 Thread 0x00000000010de000 Uncommon trap: reason=bimorphic action=maybe_recompile pc=0x00000000030aa210 method=java.util.concurrent.ConcurrentHashMap.get(Ljava/lang/Object;)Ljava/lang/Object; @ 149
Event: 6.960 Thread 0x00000000010de000 Uncommon trap: reason=bimorphic action=maybe_recompile pc=0x00000000030aa210 method=java.util.concurrent.ConcurrentHashMap.get(Ljava/lang/Object;)Ljava/lang/Object; @ 149
Event: 6.987 Thread 0x00000000010de000 Uncommon trap: reason=bimorphic action=maybe_recompile pc=0x00000000030aa210 method=java.util.concurrent.ConcurrentHashMap.get(Ljava/lang/Object;)Ljava/lang/Object; @ 149
Event: 7.122 Thread 0x00000000010de000 Uncommon trap: reason=bimorphic action=maybe_recompile pc=0x00000000030aa210 method=java.util.concurrent.ConcurrentHashMap.get(Ljava/lang/Object;)Ljava/lang/Object; @ 149

Internal exceptions (10 events):
Event: 6.825 Thread 0x00000000010de000 Exception <a 'java/security/PrivilegedActionException'> (0x00000000ec534708) thrown at [D:\re\workspace\8-2-build-windows-amd64-cygwin\jdk8u25\1677\hotspot\src\share\vm\prims\jvm.cpp, line 1312]
Event: 6.825 Thread 0x00000000010de000 Exception <a 'java/security/PrivilegedActionException'> (0x00000000ec5350a0) thrown at [D:\re\workspace\8-2-build-windows-amd64-cygwin\jdk8u25\1677\hotspot\src\share\vm\prims\jvm.cpp, line 1312]
Event: 6.827 Thread 0x00000000010de000 Exception <a 'java/security/PrivilegedActionException'> (0x00000000ec53c118) thrown at [D:\re\workspace\8-2-build-windows-amd64-cygwin\jdk8u25\1677\hotspot\src\share\vm\prims\jvm.cpp, line 1312]
Event: 6.827 Thread 0x00000000010de000 Exception <a 'java/security/PrivilegedActionException'> (0x00000000ec53ca88) thrown at [D:\re\workspace\8-2-build-windows-amd64-cygwin\jdk8u25\1677\hotspot\src\share\vm\prims\jvm.cpp, line 1312]
Event: 6.828 Thread 0x00000000010de000 Exception <a 'java/security/PrivilegedActionException'> (0x00000000ec541c88) thrown at [D:\re\workspace\8-2-build-windows-amd64-cygwin\jdk8u25\1677\hotspot\src\share\vm\prims\jvm.cpp, line 1312]
Event: 6.828 Thread 0x00000000010de000 Exception <a 'java/security/PrivilegedActionException'> (0x00000000ec5425b8) thrown at [D:\re\workspace\8-2-build-windows-amd64-cygwin\jdk8u25\1677\hotspot\src\share\vm\prims\jvm.cpp, line 1312]
Event: 7.367 Thread 0x00000000010de000 Exception <a 'java/security/PrivilegedActionException'> (0x00000000ecc6c088) thrown at [D:\re\workspace\8-2-build-windows-amd64-cygwin\jdk8u25\1677\hotspot\src\share\vm\prims\jvm.cpp, line 1312]
Event: 7.367 Thread 0x00000000010de000 Exception <a 'java/security/PrivilegedActionException'> (0x00000000ecc6c9d0) thrown at [D:\re\workspace\8-2-build-windows-amd64-cygwin\jdk8u25\1677\hotspot\src\share\vm\prims\jvm.cpp, line 1312]
Event: 7.369 Thread 0x00000000010de000 Exception <a 'java/security/PrivilegedActionException'> (0x00000000ecc71f80) thrown at [D:\re\workspace\8-2-build-windows-amd64-cygwin\jdk8u25\1677\hotspot\src\share\vm\prims\jvm.cpp, line 1312]
Event: 7.369 Thread 0x00000000010de000 Exception <a 'java/security/PrivilegedActionException'> (0x00000000ecc72a40) thrown at [D:\re\workspace\8-2-build-windows-amd64-cygwin\jdk8u25\1677\hotspot\src\share\vm\prims\jvm.cpp, line 1312]

Events (10 events):
Event: 6.987 Thread 0x00000000010de000 Uncommon trap: trap_request=0xffffffc6 fr.pc=0x00000000030aa210
Event: 6.987 Thread 0x00000000010de000 DEOPT PACKING pc=0x00000000030aa210 sp=0x000000000299cbd0
Event: 6.987 Thread 0x00000000010de000 DEOPT UNPACKING pc=0x0000000002b5556a sp=0x000000000299cb58 mode 2
Event: 7.122 Thread 0x00000000010de000 Uncommon trap: trap_request=0xffffffc6 fr.pc=0x00000000030aa210
Event: 7.122 Thread 0x00000000010de000 DEOPT PACKING pc=0x00000000030aa210 sp=0x000000000299cf30
Event: 7.122 Thread 0x00000000010de000 DEOPT UNPACKING pc=0x0000000002b5556a sp=0x000000000299ceb8 mode 2
Event: 7.367 loading class org/eclipse/aether/graph/Dependency$Exclusions$1
Event: 7.367 loading class org/eclipse/aether/graph/Dependency$Exclusions$1 done
Event: 7.368 loading class org/eclipse/aether/util/graph/selector/ExclusionDependencySelector$ExclusionComparator
Event: 7.368 loading class org/eclipse/aether/util/graph/selector/ExclusionDependencySelector$ExclusionComparator done


Dynamic libraries:
0x00007ff7d3750000 - 0x00007ff7d3784000 	C:\Program Files\Java\jdk1.8.0_25\bin\javaw.exe
0x00007ff86a040000 - 0x00007ff86a21b000 	C:\WINDOWS\SYSTEM32\ntdll.dll
0x00007ff84e250000 - 0x00007ff84e283000 	C:\Program Files\AVAST Software\Avast\x64\aswhooka.dll
0x00007ff868dc0000 - 0x00007ff868e6e000 	C:\WINDOWS\System32\KERNEL32.DLL
0x00007ff8665f0000 - 0x00007ff866839000 	C:\WINDOWS\System32\KERNELBASE.dll
0x00007ff8692f0000 - 0x00007ff869391000 	C:\WINDOWS\System32\ADVAPI32.dll
0x00007ff869fa0000 - 0x00007ff86a03d000 	C:\WINDOWS\System32\msvcrt.dll
0x00007ff869f30000 - 0x00007ff869f89000 	C:\WINDOWS\System32\sechost.dll
0x00007ff867850000 - 0x00007ff867975000 	C:\WINDOWS\System32\RPCRT4.dll
0x00007ff869be0000 - 0x00007ff869d2a000 	C:\WINDOWS\System32\USER32.dll
0x00007ff8665d0000 - 0x00007ff8665ee000 	C:\WINDOWS\System32\win32u.dll
0x00007ff869da0000 - 0x00007ff869dc7000 	C:\WINDOWS\System32\GDI32.dll
0x00007ff867040000 - 0x00007ff8671c8000 	C:\WINDOWS\System32\gdi32full.dll
0x00007ff867500000 - 0x00007ff86759a000 	C:\WINDOWS\System32\msvcp_win.dll
0x00007ff867230000 - 0x00007ff867326000 	C:\WINDOWS\System32\ucrtbase.dll
0x00007ff85a940000 - 0x00007ff85aba7000 	C:\WINDOWS\WinSxS\amd64_microsoft.windows.common-controls_6595b64144ccf1df_6.0.15063.483_none_26002d27e7c744a2\COMCTL32.dll
0x00007ff8695d0000 - 0x00007ff8698c9000 	C:\WINDOWS\System32\combase.dll
0x00007ff866560000 - 0x00007ff8665ca000 	C:\WINDOWS\System32\bcryptPrimitives.dll
0x00007ff869b00000 - 0x00007ff869b2d000 	C:\WINDOWS\System32\IMM32.DLL
0x0000000069770000 - 0x0000000069842000 	C:\Program Files\Java\jdk1.8.0_25\jre\bin\msvcr100.dll
0x0000000068f10000 - 0x000000006976a000 	C:\Program Files\Java\jdk1.8.0_25\jre\bin\server\jvm.dll
0x00007ff8692d0000 - 0x00007ff8692d8000 	C:\WINDOWS\System32\PSAPI.DLL
0x00007ff853330000 - 0x00007ff853339000 	C:\WINDOWS\SYSTEM32\WSOCK32.dll
0x00007ff869d30000 - 0x00007ff869d9c000 	C:\WINDOWS\System32\WS2_32.dll
0x00007ff8646b0000 - 0x00007ff8646d3000 	C:\WINDOWS\SYSTEM32\WINMM.dll
0x00007ff864680000 - 0x00007ff8646ab000 	C:\WINDOWS\SYSTEM32\WINMMBASE.dll
0x00007ff866840000 - 0x00007ff866889000 	C:\WINDOWS\System32\cfgmgr32.dll
0x000000006a3a0000 - 0x000000006a3af000 	C:\Program Files\Java\jdk1.8.0_25\jre\bin\verify.dll
0x0000000068ee0000 - 0x0000000068f08000 	C:\Program Files\Java\jdk1.8.0_25\jre\bin\java.dll
0x0000000068ec0000 - 0x0000000068ed6000 	C:\Program Files\Java\jdk1.8.0_25\jre\bin\zip.dll
0x00007ff867980000 - 0x00007ff868db6000 	C:\WINDOWS\System32\SHELL32.dll
0x00007ff869b30000 - 0x00007ff869bda000 	C:\WINDOWS\System32\shcore.dll
0x00007ff866940000 - 0x00007ff867033000 	C:\WINDOWS\System32\windows.storage.dll
0x00007ff869dd0000 - 0x00007ff869e21000 	C:\WINDOWS\System32\shlwapi.dll
0x00007ff8664b0000 - 0x00007ff8664c1000 	C:\WINDOWS\System32\kernel.appcore.dll
0x00007ff8664d0000 - 0x00007ff86651c000 	C:\WINDOWS\System32\powrprof.dll
0x00007ff866540000 - 0x00007ff866555000 	C:\WINDOWS\System32\profapi.dll
0x0000000068ea0000 - 0x0000000068eba000 	C:\Program Files\Java\jdk1.8.0_25\jre\bin\net.dll
0x00007ff865d60000 - 0x00007ff865dbc000 	C:\WINDOWS\system32\mswsock.dll
0x0000000068e80000 - 0x0000000068e91000 	C:\Program Files\Java\jdk1.8.0_25\jre\bin\nio.dll
0x00007ff854160000 - 0x00007ff854309000 	C:\WINDOWS\SYSTEM32\dbghelp.dll

VM Arguments:
jvm_args: -Dmaven.home=EMBEDDED -Dclassworlds.conf=D:\JavaInterviewWorkSpace\.metadata\.plugins\org.eclipse.m2e.launching\launches\m2conf8997954077522778795.tmp -Dmaven.multiModuleProjectDirectory=D:\JavaInterviewWorkSpace\RestWebServicesDemo -Dfile.encoding=Cp1252 
java_command: org.codehaus.plexus.classworlds.launcher.Launcher -B tomcat7:run
java_class_path (initial): /C:/dev/tools/eclipse/plugins/org.eclipse.m2e.maven.runtime_1.6.2.20150902-0001/jars/plexus-classworlds-2.5.2.jar
Launcher Type: SUN_STANDARD

Environment Variables:
JAVA_HOME=C:\Program Files\Java\jdk1.8.0_25
PATH=C:/Program Files/Java/jre1.8.0_51/bin/server;C:/Program Files/Java/jre1.8.0_51/bin;C:/Program Files/Java/jre1.8.0_51/lib/amd64;C:\ProgramData\Oracle\Java\javapath;C:\Program Files\Java\jdk1.8.0_25\bin;C:\dev\tools\apache-maven-3.3.3\bin;C:\oraclexe\app\oracle\product\10.2.0\server\bin;C:\WINDOWS\system32;C:\WINDOWS;C:\WINDOWS\System32\Wbem;C:\WINDOWS\System32\WindowsPowerShell\v1.0\;C:\Program Files\Intel\WiFi\bin\;C:\Program Files\Common Files\Intel\WirelessCommon\;C:\Program Files\Calibre2\;C:\Program Files\Git\cmd;C:\Program Files (x86)\Microsoft SQL Server\100\Tools\Binn\;C:\Program Files\Microsoft SQL Server\100\Tools\Binn\;C:\Program Files\Microsoft SQL Server\100\DTS\Binn\;C:\Program Files (x86)\Microsoft SQL Server\100\Tools\Binn\VSShell\Common7\IDE\;C:\Program Files (x86)\Microsoft SQL Server\100\DTS\Binn\;C:\Program Files\nodejs\;c:\users\rishabh malhotra\appdata\local\enthought\canopy\user\scripts;C:\Users\rishabh malhotra\AppData\Local\Enthought\Canopy\User;C:\Users\rishabh malhotra\AppData\Local\Enthought\Canopy\User\Scripts;C:\Users\rishabh malhotra\AppData\Local\Microsoft\WindowsApps;C:\Program Files\Intel\WiFi\bin\;C:\Program Files\Common Files\Intel\WirelessCommon\;C:\Program Files\Microsoft VS Code\bin;C:\Users\rishabh malhotra\AppData\Roaming\npm;C:\dev\tools\eclipse;
USERNAME=rishabh malhotra
OS=Windows_NT
PROCESSOR_IDENTIFIER=Intel64 Family 6 Model 55 Stepping 8, GenuineIntel



---------------  S Y S T E M  ---------------

OS: Windows 8.1 , 64 bit Build 9600 

CPU:total 4 (4 cores per cpu, 1 threads per core) family 6 model 55 stepping 8, cmov, cx8, fxsr, mmx, sse, sse2, sse3, ssse3, sse4.1, sse4.2, popcnt, clmul, erms, tsc, tscinvbit

Memory: 4k page, physical 4079888k(744308k free), swap 9621704k(1260k free)

vm_info: Java HotSpot(TM) 64-Bit Server VM (25.25-b02) for windows-amd64 JRE (1.8.0_25-b18), built on Oct  7 2014 14:25:37 by "java_re" with MS VC++ 10.0 (VS2010)

time: Mon Dec 18 00:05:43 2017
elapsed time: 10 seconds (0d 0h 0m 10s)

